<?xml version="1.0" encoding="UTF-8"?>
<testsuite xmlns:xsi="http://www.w3.org/2001/XMLSchema-instance" xsi:noNamespaceSchemaLocation="https://maven.apache.org/surefire/maven-surefire-plugin/xsd/surefire-test-report-3.0.xsd" version="3.0" name="TestSuite" time="45.649" tests="3" errors="0" skipped="0" failures="0">
  <properties>
    <property name="sun.desktop" value="windows"/>
    <property name="awt.toolkit" value="sun.awt.windows.WToolkit"/>
    <property name="file.encoding.pkg" value="sun.io"/>
    <property name="java.specification.version" value="1.8"/>
    <property name="webdriver.chrome.driver" value="C:\Users\rarav\.m2\repository\webdriver\chromedriver\win32\103.0.5060.134\chromedriver.exe"/>
    <property name="sun.cpu.isalist" value="pentium_pro+mmx pentium_pro pentium+mmx pentium i486 i386 i86"/>
    <property name="sun.jnu.encoding" value="Cp1252"/>
    <property name="java.class.path" value="C:\Users\rarav\eclipse-workspace\orangehrm\target\test-classes;C:\Users\rarav\eclipse-workspace\orangehrm\target\classes;C:\Users\rarav\.m2\repository\org\seleniumhq\selenium\selenium-java\3.141.59\selenium-java-3.141.59.jar;C:\Users\rarav\.m2\repository\org\seleniumhq\selenium\selenium-api\3.141.59\selenium-api-3.141.59.jar;C:\Users\rarav\.m2\repository\org\seleniumhq\selenium\selenium-chrome-driver\3.141.59\selenium-chrome-driver-3.141.59.jar;C:\Users\rarav\.m2\repository\org\seleniumhq\selenium\selenium-edge-driver\3.141.59\selenium-edge-driver-3.141.59.jar;C:\Users\rarav\.m2\repository\org\seleniumhq\selenium\selenium-firefox-driver\3.141.59\selenium-firefox-driver-3.141.59.jar;C:\Users\rarav\.m2\repository\org\seleniumhq\selenium\selenium-ie-driver\3.141.59\selenium-ie-driver-3.141.59.jar;C:\Users\rarav\.m2\repository\org\seleniumhq\selenium\selenium-opera-driver\3.141.59\selenium-opera-driver-3.141.59.jar;C:\Users\rarav\.m2\repository\org\seleniumhq\selenium\selenium-remote-driver\3.141.59\selenium-remote-driver-3.141.59.jar;C:\Users\rarav\.m2\repository\org\seleniumhq\selenium\selenium-safari-driver\3.141.59\selenium-safari-driver-3.141.59.jar;C:\Users\rarav\.m2\repository\org\seleniumhq\selenium\selenium-support\3.141.59\selenium-support-3.141.59.jar;C:\Users\rarav\.m2\repository\net\bytebuddy\byte-buddy\1.8.15\byte-buddy-1.8.15.jar;C:\Users\rarav\.m2\repository\org\apache\commons\commons-exec\1.3\commons-exec-1.3.jar;C:\Users\rarav\.m2\repository\com\google\guava\guava\25.0-jre\guava-25.0-jre.jar;C:\Users\rarav\.m2\repository\com\google\code\findbugs\jsr305\1.3.9\jsr305-1.3.9.jar;C:\Users\rarav\.m2\repository\org\checkerframework\checker-compat-qual\2.0.0\checker-compat-qual-2.0.0.jar;C:\Users\rarav\.m2\repository\com\google\errorprone\error_prone_annotations\2.1.3\error_prone_annotations-2.1.3.jar;C:\Users\rarav\.m2\repository\com\google\j2objc\j2objc-annotations\1.1\j2objc-annotations-1.1.jar;C:\Users\rarav\.m2\repository\org\codehaus\mojo\animal-sniffer-annotations\1.14\animal-sniffer-annotations-1.14.jar;C:\Users\rarav\.m2\repository\com\squareup\okhttp3\okhttp\3.11.0\okhttp-3.11.0.jar;C:\Users\rarav\.m2\repository\com\squareup\okio\okio\1.14.0\okio-1.14.0.jar;C:\Users\rarav\.m2\repository\io\github\bonigarcia\webdrivermanager\4.0.0\webdrivermanager-4.0.0.jar;C:\Users\rarav\.m2\repository\org\slf4j\slf4j-api\1.7.30\slf4j-api-1.7.30.jar;C:\Users\rarav\.m2\repository\commons-io\commons-io\2.6\commons-io-2.6.jar;C:\Users\rarav\.m2\repository\com\google\code\gson\gson\2.8.6\gson-2.8.6.jar;C:\Users\rarav\.m2\repository\org\apache\commons\commons-lang3\3.10\commons-lang3-3.10.jar;C:\Users\rarav\.m2\repository\org\apache\httpcomponents\client5\httpclient5\5.0\httpclient5-5.0.jar;C:\Users\rarav\.m2\repository\org\apache\httpcomponents\core5\httpcore5\5.0\httpcore5-5.0.jar;C:\Users\rarav\.m2\repository\org\apache\httpcomponents\core5\httpcore5-h2\5.0\httpcore5-h2-5.0.jar;C:\Users\rarav\.m2\repository\commons-codec\commons-codec\1.13\commons-codec-1.13.jar;C:\Users\rarav\.m2\repository\org\rauschig\jarchivelib\1.0.0\jarchivelib-1.0.0.jar;C:\Users\rarav\.m2\repository\org\apache\commons\commons-compress\1.18\commons-compress-1.18.jar;C:\Users\rarav\.m2\repository\org\jsoup\jsoup\1.13.1\jsoup-1.13.1.jar;C:\Users\rarav\.m2\repository\org\testng\testng\6.14.3\testng-6.14.3.jar;C:\Users\rarav\.m2\repository\com\beust\jcommander\1.72\jcommander-1.72.jar;C:\Users\rarav\.m2\repository\org\apache-extras\beanshell\bsh\2.0b6\bsh-2.0b6.jar;C:\Users\rarav\.m2\repository\org\apache\logging\log4j\log4j-api\2.17.1\log4j-api-2.17.1.jar;C:\Users\rarav\.m2\repository\org\apache\logging\log4j\log4j-core\2.17.1\log4j-core-2.17.1.jar;C:\Users\rarav\.m2\repository\com\aventstack\extentreports\4.0.9\extentreports-4.0.9.jar;C:\Users\rarav\.m2\repository\org\freemarker\freemarker\2.3.23\freemarker-2.3.23.jar;C:\Users\rarav\.m2\repository\org\mongodb\mongodb-driver\3.3.0\mongodb-driver-3.3.0.jar;C:\Users\rarav\.m2\repository\org\mongodb\mongodb-driver-core\3.3.0\mongodb-driver-core-3.3.0.jar;C:\Users\rarav\.m2\repository\org\mongodb\bson\3.3.0\bson-3.3.0.jar;C:\Users\rarav\.m2\repository\org\apache\httpcomponents\httpclient\4.5.2\httpclient-4.5.2.jar;C:\Users\rarav\.m2\repository\org\apache\httpcomponents\httpcore\4.4.4\httpcore-4.4.4.jar;C:\Users\rarav\.m2\repository\commons-logging\commons-logging\1.2\commons-logging-1.2.jar;C:\Users\rarav\.m2\repository\org\apache\httpcomponents\httpmime\4.5.2\httpmime-4.5.2.jar;"/>
    <property name="java.vm.vendor" value="Oracle Corporation"/>
    <property name="sun.arch.data.model" value="32"/>
    <property name="user.variant" value=""/>
    <property name="java.vendor.url" value="http://java.oracle.com/"/>
    <property name="user.timezone" value="America/New_York"/>
    <property name="java.vm.specification.version" value="1.8"/>
    <property name="os.name" value="Windows 10"/>
    <property name="user.country" value="CA"/>
    <property name="sun.java.launcher" value="SUN_STANDARD"/>
    <property name="sun.boot.library.path" value="C:\Program Files (x86)\Java\jdk1.8.0_333\jre\bin"/>
    <property name="sun.java.command" value="C:\Users\rarav\AppData\Local\Temp\surefire2370381777210983921\surefirebooter7886189987514510740.jar C:\Users\rarav\AppData\Local\Temp\surefire2370381777210983921 2022-08-03T11-19-10_163-jvmRun1 surefire951130928639330982tmp surefire_07907028053243058658tmp"/>
    <property name="surefire.test.class.path" value="C:\Users\rarav\eclipse-workspace\orangehrm\target\test-classes;C:\Users\rarav\eclipse-workspace\orangehrm\target\classes;C:\Users\rarav\.m2\repository\org\seleniumhq\selenium\selenium-java\3.141.59\selenium-java-3.141.59.jar;C:\Users\rarav\.m2\repository\org\seleniumhq\selenium\selenium-api\3.141.59\selenium-api-3.141.59.jar;C:\Users\rarav\.m2\repository\org\seleniumhq\selenium\selenium-chrome-driver\3.141.59\selenium-chrome-driver-3.141.59.jar;C:\Users\rarav\.m2\repository\org\seleniumhq\selenium\selenium-edge-driver\3.141.59\selenium-edge-driver-3.141.59.jar;C:\Users\rarav\.m2\repository\org\seleniumhq\selenium\selenium-firefox-driver\3.141.59\selenium-firefox-driver-3.141.59.jar;C:\Users\rarav\.m2\repository\org\seleniumhq\selenium\selenium-ie-driver\3.141.59\selenium-ie-driver-3.141.59.jar;C:\Users\rarav\.m2\repository\org\seleniumhq\selenium\selenium-opera-driver\3.141.59\selenium-opera-driver-3.141.59.jar;C:\Users\rarav\.m2\repository\org\seleniumhq\selenium\selenium-remote-driver\3.141.59\selenium-remote-driver-3.141.59.jar;C:\Users\rarav\.m2\repository\org\seleniumhq\selenium\selenium-safari-driver\3.141.59\selenium-safari-driver-3.141.59.jar;C:\Users\rarav\.m2\repository\org\seleniumhq\selenium\selenium-support\3.141.59\selenium-support-3.141.59.jar;C:\Users\rarav\.m2\repository\net\bytebuddy\byte-buddy\1.8.15\byte-buddy-1.8.15.jar;C:\Users\rarav\.m2\repository\org\apache\commons\commons-exec\1.3\commons-exec-1.3.jar;C:\Users\rarav\.m2\repository\com\google\guava\guava\25.0-jre\guava-25.0-jre.jar;C:\Users\rarav\.m2\repository\com\google\code\findbugs\jsr305\1.3.9\jsr305-1.3.9.jar;C:\Users\rarav\.m2\repository\org\checkerframework\checker-compat-qual\2.0.0\checker-compat-qual-2.0.0.jar;C:\Users\rarav\.m2\repository\com\google\errorprone\error_prone_annotations\2.1.3\error_prone_annotations-2.1.3.jar;C:\Users\rarav\.m2\repository\com\google\j2objc\j2objc-annotations\1.1\j2objc-annotations-1.1.jar;C:\Users\rarav\.m2\repository\org\codehaus\mojo\animal-sniffer-annotations\1.14\animal-sniffer-annotations-1.14.jar;C:\Users\rarav\.m2\repository\com\squareup\okhttp3\okhttp\3.11.0\okhttp-3.11.0.jar;C:\Users\rarav\.m2\repository\com\squareup\okio\okio\1.14.0\okio-1.14.0.jar;C:\Users\rarav\.m2\repository\io\github\bonigarcia\webdrivermanager\4.0.0\webdrivermanager-4.0.0.jar;C:\Users\rarav\.m2\repository\org\slf4j\slf4j-api\1.7.30\slf4j-api-1.7.30.jar;C:\Users\rarav\.m2\repository\commons-io\commons-io\2.6\commons-io-2.6.jar;C:\Users\rarav\.m2\repository\com\google\code\gson\gson\2.8.6\gson-2.8.6.jar;C:\Users\rarav\.m2\repository\org\apache\commons\commons-lang3\3.10\commons-lang3-3.10.jar;C:\Users\rarav\.m2\repository\org\apache\httpcomponents\client5\httpclient5\5.0\httpclient5-5.0.jar;C:\Users\rarav\.m2\repository\org\apache\httpcomponents\core5\httpcore5\5.0\httpcore5-5.0.jar;C:\Users\rarav\.m2\repository\org\apache\httpcomponents\core5\httpcore5-h2\5.0\httpcore5-h2-5.0.jar;C:\Users\rarav\.m2\repository\commons-codec\commons-codec\1.13\commons-codec-1.13.jar;C:\Users\rarav\.m2\repository\org\rauschig\jarchivelib\1.0.0\jarchivelib-1.0.0.jar;C:\Users\rarav\.m2\repository\org\apache\commons\commons-compress\1.18\commons-compress-1.18.jar;C:\Users\rarav\.m2\repository\org\jsoup\jsoup\1.13.1\jsoup-1.13.1.jar;C:\Users\rarav\.m2\repository\org\testng\testng\6.14.3\testng-6.14.3.jar;C:\Users\rarav\.m2\repository\com\beust\jcommander\1.72\jcommander-1.72.jar;C:\Users\rarav\.m2\repository\org\apache-extras\beanshell\bsh\2.0b6\bsh-2.0b6.jar;C:\Users\rarav\.m2\repository\org\apache\logging\log4j\log4j-api\2.17.1\log4j-api-2.17.1.jar;C:\Users\rarav\.m2\repository\org\apache\logging\log4j\log4j-core\2.17.1\log4j-core-2.17.1.jar;C:\Users\rarav\.m2\repository\com\aventstack\extentreports\4.0.9\extentreports-4.0.9.jar;C:\Users\rarav\.m2\repository\org\freemarker\freemarker\2.3.23\freemarker-2.3.23.jar;C:\Users\rarav\.m2\repository\org\mongodb\mongodb-driver\3.3.0\mongodb-driver-3.3.0.jar;C:\Users\rarav\.m2\repository\org\mongodb\mongodb-driver-core\3.3.0\mongodb-driver-core-3.3.0.jar;C:\Users\rarav\.m2\repository\org\mongodb\bson\3.3.0\bson-3.3.0.jar;C:\Users\rarav\.m2\repository\org\apache\httpcomponents\httpclient\4.5.2\httpclient-4.5.2.jar;C:\Users\rarav\.m2\repository\org\apache\httpcomponents\httpcore\4.4.4\httpcore-4.4.4.jar;C:\Users\rarav\.m2\repository\commons-logging\commons-logging\1.2\commons-logging-1.2.jar;C:\Users\rarav\.m2\repository\org\apache\httpcomponents\httpmime\4.5.2\httpmime-4.5.2.jar;"/>
    <property name="sun.cpu.endian" value="little"/>
    <property name="user.home" value="C:\Users\rarav"/>
    <property name="user.language" value="en"/>
    <property name="java.specification.vendor" value="Oracle Corporation"/>
    <property name="java.home" value="C:\Program Files (x86)\Java\jdk1.8.0_333\jre"/>
    <property name="basedir" value="C:\Users\rarav\eclipse-workspace\orangehrm"/>
    <property name="file.separator" value="\"/>
    <property name="line.separator" value="&#10;"/>
    <property name="java.vm.specification.vendor" value="Oracle Corporation"/>
    <property name="java.specification.name" value="Java Platform API Specification"/>
    <property name="java.awt.graphicsenv" value="sun.awt.Win32GraphicsEnvironment"/>
    <property name="surefire.real.class.path" value="C:\Users\rarav\AppData\Local\Temp\surefire2370381777210983921\surefirebooter7886189987514510740.jar"/>
    <property name="sun.boot.class.path" value="C:\Program Files (x86)\Java\jdk1.8.0_333\jre\lib\resources.jar;C:\Program Files (x86)\Java\jdk1.8.0_333\jre\lib\rt.jar;C:\Program Files (x86)\Java\jdk1.8.0_333\jre\lib\sunrsasign.jar;C:\Program Files (x86)\Java\jdk1.8.0_333\jre\lib\jsse.jar;C:\Program Files (x86)\Java\jdk1.8.0_333\jre\lib\jce.jar;C:\Program Files (x86)\Java\jdk1.8.0_333\jre\lib\charsets.jar;C:\Program Files (x86)\Java\jdk1.8.0_333\jre\lib\jfr.jar;C:\Program Files (x86)\Java\jdk1.8.0_333\jre\classes"/>
    <property name="user.script" value=""/>
    <property name="sun.management.compiler" value="HotSpot Client Compiler"/>
    <property name="java.runtime.version" value="1.8.0_333-b02"/>
    <property name="user.name" value="rarav"/>
    <property name="path.separator" value=";"/>
    <property name="os.version" value="10.0"/>
    <property name="java.endorsed.dirs" value="C:\Program Files (x86)\Java\jdk1.8.0_333\jre\lib\endorsed"/>
    <property name="java.runtime.name" value="Java(TM) SE Runtime Environment"/>
    <property name="file.encoding" value="Cp1252"/>
    <property name="java.vm.name" value="Java HotSpot(TM) Client VM"/>
    <property name="localRepository" value="C:\Users\rarav\.m2\repository"/>
    <property name="java.vendor.url.bug" value="http://bugreport.sun.com/bugreport/"/>
    <property name="java.io.tmpdir" value="C:\Users\rarav\AppData\Local\Temp\"/>
    <property name="java.version" value="1.8.0_333"/>
    <property name="user.dir" value="C:\Users\rarav\eclipse-workspace\orangehrm"/>
    <property name="os.arch" value="x86"/>
    <property name="java.vm.specification.name" value="Java Virtual Machine Specification"/>
    <property name="java.awt.printerjob" value="sun.awt.windows.WPrinterJob"/>
    <property name="sun.os.patch.level" value=""/>
    <property name="java.library.path" value="C:\Program Files (x86)\Java\jdk1.8.0_333\jre\bin;C:\WINDOWS\Sun\Java\bin;C:\WINDOWS\system32;C:\WINDOWS;C:\Program Files (x86)\Common Files\Oracle\Java\javapath;C:\Python310\Scripts\;C:\Python310\;C:\WINDOWS\system32;C:\WINDOWS;C:\WINDOWS\System32\Wbem;C:\WINDOWS\System32\WindowsPowerShell\v1.0\;C:\WINDOWS\System32\OpenSSH\;C:\Program Files\Microsoft SQL Server\Client SDK\ODBC\110\Tools\Binn\;C:\Program Files (x86)\Microsoft SQL Server\120\Tools\Binn\;C:\Program Files\Microsoft SQL Server\120\Tools\Binn\;C:\Program Files\Microsoft SQL Server\120\DTS\Binn\;C:\Program Files\Microsoft SQL Server\Client SDK\ODBC\170\Tools\Binn\;C:\Program Files (x86)\Microsoft SQL Server\150\Tools\Binn\;C:\Program Files\Microsoft SQL Server\150\Tools\Binn\;C:\Program Files\Microsoft SQL Server\150\DTS\Binn\;C:\Program Files (x86)\Microsoft SQL Server\150\DTS\Binn\;C:\Program Files\Microsoft SQL Server\Client SDK\ODBC\130\Tools\Binn\;C:\Program Files (x86)\Microsoft SQL Server\130\Tools\Binn\;C:\Program Files\Microsoft SQL Server\130\Tools\Binn\;C:\Program Files\Microsoft SQL Server\130\DTS\Binn\;C:\Program Files\dotnet\;C:\Program Files (x86)\dotnet\;C:\Program Files\nodejs\;C:\ProgramData\chocolatey\bin;C:\Program Files (x86)\Java\jdk1.8.0_333;C:\SHOBANA\SOFTWARE TESTING\TEKINSPIRE\tools installation\apache-maven-3.8.6\bin;C:\Program Files\Git\cmd;C:\Users\rarav\AppData\Local\Microsoft\WindowsApps;C:\Users\rarav\AppData\Local\Programs\Microsoft VS Code\bin;C:\Users\rarav\AppData\Roaming\npm;."/>
    <property name="java.vm.info" value="mixed mode"/>
    <property name="java.vendor" value="Oracle Corporation"/>
    <property name="java.vm.version" value="25.333-b02"/>
    <property name="java.ext.dirs" value="C:\Program Files (x86)\Java\jdk1.8.0_333\jre\lib\ext;C:\WINDOWS\Sun\Java\lib\ext"/>
    <property name="sun.io.unicode.encoding" value="UnicodeLittle"/>
    <property name="java.class.version" value="52.0"/>
  </properties>
  <testcase name="verifyHomePageTitleTestCase" classname="com.orangehrm.testcases.TC001_verifyhomePage" time="0.318">
    <system-out><![CDATA[[TestNGContentHandler] [WARN] It is strongly recommended to add "<!DOCTYPE suite SYSTEM "http://testng.org/testng-1.0.dtd" >" at the top of your file, otherwise TestNG may fail or not work as expected.
[INFO ] 03-08-2022 11:19:19.025 TC001_verifyhomePage - chrome browser is launched succesfully
[INFO ] 03-08-2022 11:19:24.701 TC001_verifyhomePage - the url is entered and opening
[INFO ] 03-08-2022 11:19:24.728 TC001_verifyhomePage - the displayed url is : https://opensource-demo.orangehrmlive.com/
[INFO ] 03-08-2022 11:19:24.739 TC001_verifyhomePage - title of the page is :OrangeHRM
[INFO ] 03-08-2022 11:19:24.739 TC001_verifyhomePage - orange hrm  application is opened
[INFO ] 03-08-2022 11:19:25.059 TC001_verifyhomePage - screenshots captured successfully
]]></system-out>
    <system-err><![CDATA[SLF4J: Failed to load class "org.slf4j.impl.StaticLoggerBinder".
SLF4J: Defaulting to no-operation (NOP) logger implementation
SLF4J: See http://www.slf4j.org/codes.html#StaticLoggerBinder for further details.
Starting ChromeDriver 103.0.5060.134 (8ec6fce403b3feb0869b0732eda8bd95011d333c-refs/branch-heads/5060@{#1262}) on port 6879
Only local connections are allowed.
Please see https://chromedriver.chromium.org/security-considerations for suggestions on keeping ChromeDriver safe.
ChromeDriver was started successfully.
[1659539958.384][WARNING]: This version of ChromeDriver has not been tested with Chrome version 104.
Aug 03, 2022 11:19:18 AM org.openqa.selenium.remote.ProtocolHandshake createSession
INFO: Detected dialect: W3C
]]></system-err>
  </testcase>
  <testcase name="loginTestCase" classname="com.orangehrm.testcases.TC002_loginTestCase" time="7.792">
    <system-out><![CDATA[[INFO ] 03-08-2022 11:19:26.242 TC001_verifyhomePage - successfuly closed the browser
[INFO ] 03-08-2022 11:19:28.398 TC002_loginTestCase - chrome browser is launched succesfully
[INFO ] 03-08-2022 11:19:33.889 TC002_loginTestCase - the url is entered and opening
[INFO ] 03-08-2022 11:19:39.234 LoginPage - value entered in username field is Admin
[INFO ] 03-08-2022 11:19:39.234 TC002_loginTestCase - username is entered
[INFO ] 03-08-2022 11:19:39.479 LoginPage - value entered in password field is :admin123
[INFO ] 03-08-2022 11:19:39.479 TC002_loginTestCase - password is entered 
[INFO ] 03-08-2022 11:19:41.093 LoginPage - login button is enabled and so it is clicked
[INFO ] 03-08-2022 11:19:41.093 TC002_loginTestCase - login button is clicked
[INFO ] 03-08-2022 11:19:41.602 TC002_loginTestCase - screenshots captured successfully
[INFO ] 03-08-2022 11:19:41.692 DashboardPage - status of dashboard: true
[INFO ] 03-08-2022 11:19:41.692 DashboardPage - Dashboard link is displayed
[INFO ] 03-08-2022 11:19:41.696 TC002_loginTestCase - dashboard link is displayed
[INFO ] 03-08-2022 11:19:41.703 TC002_loginTestCase - the title displayed after login is: OrangeHRM
]]></system-out>
    <system-err><![CDATA[Starting ChromeDriver 103.0.5060.134 (8ec6fce403b3feb0869b0732eda8bd95011d333c-refs/branch-heads/5060@{#1262}) on port 16574
Only local connections are allowed.
Please see https://chromedriver.chromium.org/security-considerations for suggestions on keeping ChromeDriver safe.
ChromeDriver was started successfully.
[1659539967.866][WARNING]: This version of ChromeDriver has not been tested with Chrome version 104.
Aug 03, 2022 11:19:28 AM org.openqa.selenium.remote.ProtocolHandshake createSession
INFO: Detected dialect: W3C
]]></system-err>
  </testcase>
  <testcase name="moveInDashBoardPage" classname="com.orangehrm.testcases.TC003_dashboardPage" time="8.774">
    <system-out><![CDATA[[INFO ] 03-08-2022 11:19:42.543 TC002_loginTestCase - successfuly closed the browser
[INFO ] 03-08-2022 11:19:44.341 TC003_dashboardPage - chrome browser is launched succesfully
[INFO ] 03-08-2022 11:19:49.985 TC003_dashboardPage - the url is entered and opening
[INFO ] 03-08-2022 11:19:55.212 LoginPage - value entered in username field is Admin
[INFO ] 03-08-2022 11:19:55.212 TC003_dashboardPage - username is entered
[INFO ] 03-08-2022 11:19:55.415 LoginPage - value entered in password field is :admin123
[INFO ] 03-08-2022 11:19:55.415 TC003_dashboardPage - password is entered 
[INFO ] 03-08-2022 11:19:57.042 LoginPage - login button is enabled and so it is clicked
[INFO ] 03-08-2022 11:19:57.042 TC003_dashboardPage - login button is clicked
[INFO ] 03-08-2022 11:19:57.330 AdminPage - moved to Admin link
[INFO ] 03-08-2022 11:19:57.588 AdminPage - moved to organization link
[INFO ] 03-08-2022 11:19:58.323 AdminPage - clicked on locations link
[INFO ] 03-08-2022 11:19:58.380 AdminPage - rows in the table is : 4
[INFO ] 03-08-2022 11:19:58.406 AdminPage - value in row is : Ottawa
[INFO ] 03-08-2022 11:19:58.407 AdminPage - california doesnot exists
[INFO ] 03-08-2022 11:19:58.425 AdminPage - value in row is : California
[INFO ] 03-08-2022 11:19:58.425 AdminPage - california exists
[INFO ] 03-08-2022 11:19:58.446 AdminPage - value in row is : New York
[INFO ] 03-08-2022 11:19:58.446 AdminPage - california doesnot exists
[INFO ] 03-08-2022 11:19:58.469 AdminPage - value in row is : Texas
[INFO ] 03-08-2022 11:19:58.470 AdminPage - california doesnot exists
[INFO ] 03-08-2022 11:19:58.733 TC003_dashboardPage - screenshots captured successfully
]]></system-out>
    <system-err><![CDATA[Starting ChromeDriver 103.0.5060.134 (8ec6fce403b3feb0869b0732eda8bd95011d333c-refs/branch-heads/5060@{#1262}) on port 18287
Only local connections are allowed.
Please see https://chromedriver.chromium.org/security-considerations for suggestions on keeping ChromeDriver safe.
ChromeDriver was started successfully.
[1659539983.871][WARNING]: This version of ChromeDriver has not been tested with Chrome version 104.
Aug 03, 2022 11:19:44 AM org.openqa.selenium.remote.ProtocolHandshake createSession
INFO: Detected dialect: W3C
]]></system-err>
  </testcase>
</testsuite>