<?xml version="1.0" encoding="UTF-8"?>
<!-- Generated by org.testng.reporters.JUnitReportReporter -->
<testsuite skipped="0" hostname="DESKTOP-Q3OL5F5" name="com.orangehrm.testcases.TC003_dashboardPage" tests="1" failures="0" timestamp="2022-08-02T23:36:47 EDT" time="9.040" errors="0">
  <testcase name="moveInDashBoardPage" time="9.040" classname="com.orangehrm.testcases.TC003_dashboardPage"/>
  <system-out/>
</testsuite> <!-- com.orangehrm.testcases.TC003_dashboardPage -->
