<?xml version="1.0" encoding="UTF-8"?>
<!-- Generated by org.testng.reporters.JUnitReportReporter -->
<testsuite skipped="0" hostname="DESKTOP-Q3OL5F5" name="com.orangehrm.testcases.TC002_loginTestCase" tests="1" failures="0" timestamp="2022-08-02T23:36:47 EDT" time="8.001" errors="0">
  <testcase name="loginTestCase" time="8.001" classname="com.orangehrm.testcases.TC002_loginTestCase"/>
  <system-out/>
</testsuite> <!-- com.orangehrm.testcases.TC002_loginTestCase -->
