<?xml version="1.0" encoding="UTF-8"?>
<!-- Generated by org.testng.reporters.JUnitReportReporter -->
<testsuite skipped="0" hostname="DESKTOP-Q3OL5F5" name="com.orangehrm.testcases.TC002_loginTestCase" tests="1" failures="0" timestamp="03 Aug 2022 15:19:59 GMT" time="7.813" errors="0">
  <testcase name="loginTestCase" time="7.813" classname="com.orangehrm.testcases.TC002_loginTestCase"/>
</testsuite> <!-- com.orangehrm.testcases.TC002_loginTestCase -->
